build/app/intermediates/manifest_merge_blame_file/debug/manifest-merger-blame-debug-report.txt
1<?xml version="1.0" encoding="utf-8"?>
2<manifest xmlns:android="http://schemas.android.com/apk/res/android"
3    package="com.hangerapp.hanger_m"
4    android:versionCode="2"
5    android:versionName="2.0.9" >
6
7    <uses-sdk
8        android:minSdkVersion="21"
9        android:targetSdkVersion="34" />
10    <!--
11         The INTERNET permission is required for development. Specifically,
12         the Flutter tool needs it to communicate with the running application
13         to allow setting breakpoints, to provide hot reload, etc.
14    -->
15    <uses-permission android:name="android.permission.INTERNET" />
15-->src\main\AndroidManifest.xml:4:5-67
15-->src\main\AndroidManifest.xml:4:22-64
16    <uses-permission android:name="android.permission.ACCESS_FINE_LOCATION" />
16-->src\main\AndroidManifest.xml:2:5-78
16-->src\main\AndroidManifest.xml:2:22-76
17    <uses-permission android:name="android.permission.ACCESS_COARSE_LOCATION" />
17-->src\main\AndroidManifest.xml:3:5-80
17-->src\main\AndroidManifest.xml:3:22-78
18    <uses-permission android:name="android.permission.READ_EXTERNAL_STORAGE" />
18-->src\main\AndroidManifest.xml:5:5-79
18-->src\main\AndroidManifest.xml:5:22-77
19    <uses-permission android:name="android.permission.WRITE_EXTERNAL_STORAGE" />
19-->src\main\AndroidManifest.xml:6:5-80
19-->src\main\AndroidManifest.xml:6:22-78
20    <uses-permission android:name="android.permission.ACCESS_MEDIA_LOCATION" />
20-->src\main\AndroidManifest.xml:7:5-79
20-->src\main\AndroidManifest.xml:7:22-77
21    <uses-permission android:name="android.permission.RECEIVE_BOOT_COMPLETED" />
21-->src\main\AndroidManifest.xml:8:5-80
21-->src\main\AndroidManifest.xml:8:22-78
22    <uses-permission android:name="android.permission.VIBRATE" />
22-->src\main\AndroidManifest.xml:9:5-65
22-->src\main\AndroidManifest.xml:9:22-63
23    <uses-permission android:name="android.permission.ACCESS_NETWORK_STATE" />
23-->src\main\AndroidManifest.xml:11:5-79
23-->src\main\AndroidManifest.xml:11:22-76
24
25    <queries>
25-->src\main\AndroidManifest.xml:42:5-47:15
26        <intent>
26-->src\main\AndroidManifest.xml:43:9-46:18
27            <action android:name="android.intent.action.PROCESS_TEXT" />
27-->src\main\AndroidManifest.xml:44:13-72
27-->src\main\AndroidManifest.xml:44:21-70
28
29            <data android:mimeType="text/plain" />
29-->src\main\AndroidManifest.xml:45:13-50
29-->src\main\AndroidManifest.xml:45:19-48
30        </intent>
31        <!-- Needs to be explicitly declared on Android R+ -->
32        <package android:name="com.google.android.apps.maps" />
32-->[com.google.android.gms:play-services-maps:18.2.0] AndroidManifest.xml:33:9-64
32-->[com.google.android.gms:play-services-maps:18.2.0] AndroidManifest.xml:33:18-61
33    </queries>
34
35    <uses-permission android:name="android.permission.POST_NOTIFICATIONS" />
35-->[:flutter_local_notifications] AndroidManifest.xml:8:5-77
35-->[:flutter_local_notifications] AndroidManifest.xml:8:22-74
36
37    <uses-feature
37-->[com.google.android.gms:play-services-maps:18.2.0] AndroidManifest.xml:26:5-28:35
38        android:glEsVersion="0x00020000"
38-->[com.google.android.gms:play-services-maps:18.2.0] AndroidManifest.xml:27:9-41
39        android:required="true" />
39-->[com.google.android.gms:play-services-maps:18.2.0] AndroidManifest.xml:28:9-32
40
41    <permission
41-->[androidx.core:core:1.13.1] AndroidManifest.xml:22:5-24:47
42        android:name="com.hangerapp.hanger_m.DYNAMIC_RECEIVER_NOT_EXPORTED_PERMISSION"
42-->[androidx.core:core:1.13.1] AndroidManifest.xml:23:9-81
43        android:protectionLevel="signature" />
43-->[androidx.core:core:1.13.1] AndroidManifest.xml:24:9-44
44
45    <uses-permission android:name="com.hangerapp.hanger_m.DYNAMIC_RECEIVER_NOT_EXPORTED_PERMISSION" />
45-->[androidx.core:core:1.13.1] AndroidManifest.xml:26:5-97
45-->[androidx.core:core:1.13.1] AndroidManifest.xml:26:22-94
46
47    <application
48        android:name="android.app.Application"
49        android:appComponentFactory="androidx.core.app.CoreComponentFactory"
49-->[androidx.core:core:1.13.1] AndroidManifest.xml:28:18-86
50        android:debuggable="true"
51        android:enableOnBackInvokedCallback="true"
52        android:extractNativeLibs="true"
53        android:icon="@mipmap/launcher_icon"
54        android:label="@string/app_name" > <!-- Enable OnBackInvokedCallback -->
55        <activity
56            android:name="com.example.hanger_m.MainActivity"
57            android:configChanges="orientation|keyboardHidden|keyboard|screenSize|smallestScreenSize|locale|layoutDirection|fontScale|screenLayout|density|uiMode"
58            android:exported="true"
59            android:hardwareAccelerated="true"
60            android:launchMode="singleTop"
61            android:taskAffinity=""
62            android:theme="@style/LaunchTheme"
63            android:windowSoftInputMode="adjustResize" >
64            <meta-data
65                android:name="io.flutter.embedding.android.NormalTheme"
66                android:resource="@style/NormalTheme" />
67
68            <intent-filter>
69                <action android:name="android.intent.action.MAIN" />
70
71                <category android:name="android.intent.category.LAUNCHER" />
72            </intent-filter>
73        </activity>
74
75        <meta-data
76            android:name="flutterEmbedding"
77            android:value="2" />
78        <meta-data
79            android:name="com.google.android.geo.API_KEY"
80            android:value="AIzaSyAF2Uo1kHze6N9E8xAwEcrp5Mqw0ol0ekk" />
81
82        <provider
82-->[:image_picker_android] AndroidManifest.xml:9:9-17:20
83            android:name="io.flutter.plugins.imagepicker.ImagePickerFileProvider"
83-->[:image_picker_android] AndroidManifest.xml:10:13-82
84            android:authorities="com.hangerapp.hanger_m.flutter.image_provider"
84-->[:image_picker_android] AndroidManifest.xml:11:13-74
85            android:exported="false"
85-->[:image_picker_android] AndroidManifest.xml:12:13-37
86            android:grantUriPermissions="true" >
86-->[:image_picker_android] AndroidManifest.xml:13:13-47
87            <meta-data
87-->[:image_picker_android] AndroidManifest.xml:14:13-16:75
88                android:name="android.support.FILE_PROVIDER_PATHS"
88-->[:image_picker_android] AndroidManifest.xml:15:17-67
89                android:resource="@xml/flutter_image_picker_file_paths" />
89-->[:image_picker_android] AndroidManifest.xml:16:17-72
90        </provider> <!-- Trigger Google Play services to install the backported photo picker module. -->
91        <service
91-->[:image_picker_android] AndroidManifest.xml:19:9-31:19
92            android:name="com.google.android.gms.metadata.ModuleDependencies"
92-->[:image_picker_android] AndroidManifest.xml:20:13-78
93            android:enabled="false"
93-->[:image_picker_android] AndroidManifest.xml:21:13-36
94            android:exported="false" >
94-->[:image_picker_android] AndroidManifest.xml:22:13-37
95            <intent-filter>
95-->[:image_picker_android] AndroidManifest.xml:24:13-26:29
96                <action android:name="com.google.android.gms.metadata.MODULE_DEPENDENCIES" />
96-->[:image_picker_android] AndroidManifest.xml:25:17-94
96-->[:image_picker_android] AndroidManifest.xml:25:25-91
97            </intent-filter>
98
99            <meta-data
99-->[:image_picker_android] AndroidManifest.xml:28:13-30:36
100                android:name="photopicker_activity:0:required"
100-->[:image_picker_android] AndroidManifest.xml:29:17-63
101                android:value="" />
101-->[:image_picker_android] AndroidManifest.xml:30:17-33
102        </service>
103        <service
103-->[:geolocator_android] AndroidManifest.xml:8:9-12:56
104            android:name="com.baseflow.geolocator.GeolocatorLocationService"
104-->[:geolocator_android] AndroidManifest.xml:9:13-77
105            android:enabled="true"
105-->[:geolocator_android] AndroidManifest.xml:10:13-35
106            android:exported="false"
106-->[:geolocator_android] AndroidManifest.xml:11:13-37
107            android:foregroundServiceType="location" />
107-->[:geolocator_android] AndroidManifest.xml:12:13-53
108        <service
108-->[:location] AndroidManifest.xml:11:9-15:56
109            android:name="com.lyokone.location.FlutterLocationService"
109-->[:location] AndroidManifest.xml:12:13-71
110            android:enabled="true"
110-->[:location] AndroidManifest.xml:13:13-35
111            android:exported="false"
111-->[:location] AndroidManifest.xml:14:13-37
112            android:foregroundServiceType="location" />
112-->[:location] AndroidManifest.xml:15:13-53
113
114        <meta-data
114-->[:pay_android] AndroidManifest.xml:12:9-14:36
115            android:name="com.google.android.gms.wallet.api.enabled"
115-->[:pay_android] AndroidManifest.xml:13:13-69
116            android:value="true" />
116-->[:pay_android] AndroidManifest.xml:14:13-33
117
118        <activity
118-->[:url_launcher_android] AndroidManifest.xml:8:9-11:74
119            android:name="io.flutter.plugins.urllauncher.WebViewActivity"
119-->[:url_launcher_android] AndroidManifest.xml:9:13-74
120            android:exported="false"
120-->[:url_launcher_android] AndroidManifest.xml:10:13-37
121            android:theme="@android:style/Theme.NoTitleBar.Fullscreen" /> <!-- Needs to be explicitly declared on P+ -->
121-->[:url_launcher_android] AndroidManifest.xml:11:13-71
122        <uses-library
122-->[com.google.android.gms:play-services-maps:18.2.0] AndroidManifest.xml:39:9-41:40
123            android:name="org.apache.http.legacy"
123-->[com.google.android.gms:play-services-maps:18.2.0] AndroidManifest.xml:40:13-50
124            android:required="false" />
124-->[com.google.android.gms:play-services-maps:18.2.0] AndroidManifest.xml:41:13-37
125
126        <activity
126-->[com.google.android.gms:play-services-auth:21.2.0] AndroidManifest.xml:23:9-27:75
127            android:name="com.google.android.gms.auth.api.signin.internal.SignInHubActivity"
127-->[com.google.android.gms:play-services-auth:21.2.0] AndroidManifest.xml:24:13-93
128            android:excludeFromRecents="true"
128-->[com.google.android.gms:play-services-auth:21.2.0] AndroidManifest.xml:25:13-46
129            android:exported="false"
129-->[com.google.android.gms:play-services-auth:21.2.0] AndroidManifest.xml:26:13-37
130            android:theme="@android:style/Theme.Translucent.NoTitleBar" />
130-->[com.google.android.gms:play-services-auth:21.2.0] AndroidManifest.xml:27:13-72
131        <!--
132            Service handling Google Sign-In user revocation. For apps that do not integrate with
133            Google Sign-In, this service will never be started.
134        -->
135        <service
135-->[com.google.android.gms:play-services-auth:21.2.0] AndroidManifest.xml:33:9-37:51
136            android:name="com.google.android.gms.auth.api.signin.RevocationBoundService"
136-->[com.google.android.gms:play-services-auth:21.2.0] AndroidManifest.xml:34:13-89
137            android:exported="true"
137-->[com.google.android.gms:play-services-auth:21.2.0] AndroidManifest.xml:35:13-36
138            android:permission="com.google.android.gms.auth.api.signin.permission.REVOCATION_NOTIFICATION"
138-->[com.google.android.gms:play-services-auth:21.2.0] AndroidManifest.xml:36:13-107
139            android:visibleToInstantApps="true" />
139-->[com.google.android.gms:play-services-auth:21.2.0] AndroidManifest.xml:37:13-48
140
141        <activity
141-->[com.google.android.gms:play-services-base:18.3.0] AndroidManifest.xml:20:9-22:45
142            android:name="com.google.android.gms.common.api.GoogleApiActivity"
142-->[com.google.android.gms:play-services-base:18.3.0] AndroidManifest.xml:20:19-85
143            android:exported="false"
143-->[com.google.android.gms:play-services-base:18.3.0] AndroidManifest.xml:22:19-43
144            android:theme="@android:style/Theme.Translucent.NoTitleBar" />
144-->[com.google.android.gms:play-services-base:18.3.0] AndroidManifest.xml:21:19-78
145
146        <meta-data
146-->[com.google.android.gms:play-services-basement:18.3.0] AndroidManifest.xml:21:9-23:69
147            android:name="com.google.android.gms.version"
147-->[com.google.android.gms:play-services-basement:18.3.0] AndroidManifest.xml:22:13-58
148            android:value="@integer/google_play_services_version" />
148-->[com.google.android.gms:play-services-basement:18.3.0] AndroidManifest.xml:23:13-66
149
150        <uses-library
150-->[androidx.window:window:1.2.0] AndroidManifest.xml:23:9-25:40
151            android:name="androidx.window.extensions"
151-->[androidx.window:window:1.2.0] AndroidManifest.xml:24:13-54
152            android:required="false" />
152-->[androidx.window:window:1.2.0] AndroidManifest.xml:25:13-37
153        <uses-library
153-->[androidx.window:window:1.2.0] AndroidManifest.xml:26:9-28:40
154            android:name="androidx.window.sidecar"
154-->[androidx.window:window:1.2.0] AndroidManifest.xml:27:13-51
155            android:required="false" />
155-->[androidx.window:window:1.2.0] AndroidManifest.xml:28:13-37
156
157        <provider
157-->[androidx.lifecycle:lifecycle-process:2.7.0] AndroidManifest.xml:24:9-32:20
158            android:name="androidx.startup.InitializationProvider"
158-->[androidx.lifecycle:lifecycle-process:2.7.0] AndroidManifest.xml:25:13-67
159            android:authorities="com.hangerapp.hanger_m.androidx-startup"
159-->[androidx.lifecycle:lifecycle-process:2.7.0] AndroidManifest.xml:26:13-68
160            android:exported="false" >
160-->[androidx.lifecycle:lifecycle-process:2.7.0] AndroidManifest.xml:27:13-37
161            <meta-data
161-->[androidx.lifecycle:lifecycle-process:2.7.0] AndroidManifest.xml:29:13-31:52
162                android:name="androidx.lifecycle.ProcessLifecycleInitializer"
162-->[androidx.lifecycle:lifecycle-process:2.7.0] AndroidManifest.xml:30:17-78
163                android:value="androidx.startup" />
163-->[androidx.lifecycle:lifecycle-process:2.7.0] AndroidManifest.xml:31:17-49
164            <meta-data
164-->[androidx.profileinstaller:profileinstaller:1.3.1] AndroidManifest.xml:29:13-31:52
165                android:name="androidx.profileinstaller.ProfileInstallerInitializer"
165-->[androidx.profileinstaller:profileinstaller:1.3.1] AndroidManifest.xml:30:17-85
166                android:value="androidx.startup" />
166-->[androidx.profileinstaller:profileinstaller:1.3.1] AndroidManifest.xml:31:17-49
167        </provider>
168
169        <receiver
169-->[androidx.profileinstaller:profileinstaller:1.3.1] AndroidManifest.xml:34:9-52:20
170            android:name="androidx.profileinstaller.ProfileInstallReceiver"
170-->[androidx.profileinstaller:profileinstaller:1.3.1] AndroidManifest.xml:35:13-76
171            android:directBootAware="false"
171-->[androidx.profileinstaller:profileinstaller:1.3.1] AndroidManifest.xml:36:13-44
172            android:enabled="true"
172-->[androidx.profileinstaller:profileinstaller:1.3.1] AndroidManifest.xml:37:13-35
173            android:exported="true"
173-->[androidx.profileinstaller:profileinstaller:1.3.1] AndroidManifest.xml:38:13-36
174            android:permission="android.permission.DUMP" >
174-->[androidx.profileinstaller:profileinstaller:1.3.1] AndroidManifest.xml:39:13-57
175            <intent-filter>
175-->[androidx.profileinstaller:profileinstaller:1.3.1] AndroidManifest.xml:40:13-42:29
176                <action android:name="androidx.profileinstaller.action.INSTALL_PROFILE" />
176-->[androidx.profileinstaller:profileinstaller:1.3.1] AndroidManifest.xml:41:17-91
176-->[androidx.profileinstaller:profileinstaller:1.3.1] AndroidManifest.xml:41:25-88
177            </intent-filter>
178            <intent-filter>
178-->[androidx.profileinstaller:profileinstaller:1.3.1] AndroidManifest.xml:43:13-45:29
179                <action android:name="androidx.profileinstaller.action.SKIP_FILE" />
179-->[androidx.profileinstaller:profileinstaller:1.3.1] AndroidManifest.xml:44:17-85
179-->[androidx.profileinstaller:profileinstaller:1.3.1] AndroidManifest.xml:44:25-82
180            </intent-filter>
181            <intent-filter>
181-->[androidx.profileinstaller:profileinstaller:1.3.1] AndroidManifest.xml:46:13-48:29
182                <action android:name="androidx.profileinstaller.action.SAVE_PROFILE" />
182-->[androidx.profileinstaller:profileinstaller:1.3.1] AndroidManifest.xml:47:17-88
182-->[androidx.profileinstaller:profileinstaller:1.3.1] AndroidManifest.xml:47:25-85
183            </intent-filter>
184            <intent-filter>
184-->[androidx.profileinstaller:profileinstaller:1.3.1] AndroidManifest.xml:49:13-51:29
185                <action android:name="androidx.profileinstaller.action.BENCHMARK_OPERATION" />
185-->[androidx.profileinstaller:profileinstaller:1.3.1] AndroidManifest.xml:50:17-95
185-->[androidx.profileinstaller:profileinstaller:1.3.1] AndroidManifest.xml:50:25-92
186            </intent-filter>
187        </receiver>
188    </application>
189
190</manifest>